[35m[Appium][39m Welcome to Appium v1.22.3
[35m[Appium][39m Non-default server args:
[35m[Appium][39m   port: 56491
[35m[Appium][39m   loglevel: info
[35m[Appium][39m   tmpDir: C:\Users\095065\AppData\Local\Temp\\Katalon\Appium\Temp1657276451739
[35m[Appium][39m   chromedriverPort: 56492
[35m[Appium][39m Deprecated server args:
[35m[Appium][39m   [31m--chromedriver-port[39m => --default-capabilities
[35m[Appium][39m Default capabilities, which will be added to each request unless overridden by desired capabilities:
[35m[Appium][39m   chromedriverPort: 56492
[35m[Appium][39m Appium REST http interface listener started on 0.0.0.0:56491
[35m[HTTP][39m [37m-->[39m [37mGET[39m [37m/wd/hub/status[39m
[35m[HTTP][39m [90m{}[39m
[35m[HTTP][39m [37m<-- GET /wd/hub/status [39m[32m200[39m [90m7 ms - 68[39m
[35m[HTTP][39m [90m[39m
[35m[HTTP][39m [37m-->[39m [37mGET[39m [37m/wd/hub/status[39m
[35m[HTTP][39m [90m{}[39m
[35m[HTTP][39m [37m<-- GET /wd/hub/status [39m[32m200[39m [90m1 ms - 68[39m
[35m[HTTP][39m [90m[39m
[35m[HTTP][39m [37m-->[39m [37mPOST[39m [37m/wd/hub/session[39m
[35m[HTTP][39m [90m{"desiredCapabilities":{"appActivity":".Settings","appPackage":"com.android.settings","newCommandTimeout":1800,"platformVersion":"7.0","automationName":"uiautomator2","autoGrantPermissions":true,"platformName":"Android","udid":"192.168.56.101:5555","deviceName":" Samsung (Android 7.0)","platform":"ANDROID","systemPort":8226},"capabilities":{"firstMatch":[{"appium:appActivity":".Settings","appium:appPackage":"com.android.settings","appium:autoGrantPermissions":true,"appium:automationName":"uiautomator2","appium:deviceName":" Samsung (Android 7.0)","appium:newCommandTimeout":1800,"platform":"ANDROID","platformName":"android","appium:platformVersion":"7.0","appium:systemPort":8226,"appium:udid":"192.168.56.101:5555"}]}}[39m
[35m[BaseDriver][39m The following capabilities are not standard capabilities and should have an extension prefix:
[35m[BaseDriver][39m   platform
[35m[BaseDriver][39m   chromedriverPort
[35m[Appium][39m Appium v1.22.3 creating new AndroidUiautomator2Driver (v1.70.1) session
[35m[BaseDriver][39m The following capabilities were provided, but are not recognized by Appium:
[35m[BaseDriver][39m   platform
[35m[BaseDriver][39m Session created with session id: 7409c617-d5eb-455a-a0ec-61dd15fb3578
[35m[UiAutomator2][39m Starting 'com.android.settings' directly on the device
[35m[ADB][39m Found 1 'build-tools' folders under 'C:\Users\095065\.katalon\tools\android_sdk' (newest first):
[35m[ADB][39m     C:/Users/095065/.katalon/tools/android_sdk/build-tools/29.0.3
[35m[ADB][39m Using 'adb.exe' from 'C:\Users\095065\.katalon\tools\android_sdk\platform-tools\adb.exe'
[35m[AndroidDriver][39m Retrieving device list
[35m[AndroidDriver][39m Using device: 192.168.56.101:5555
[35m[ADB][39m Using 'adb.exe' from 'C:\Users\095065\.katalon\tools\android_sdk\platform-tools\adb.exe'
[35m[AndroidDriver][39m No app sent in, not parsing package/activity
[35m[ADB][39m Using 'apksigner.jar' from 'C:\Users\095065\.katalon\tools\android_sdk\build-tools\29.0.3\lib\apksigner.jar'
[35m[ADB][39m 'C:\Users\095065\AppData\Roaming\npm\node_modules\appium\node_modules\appium-uiautomator2-server\apks\appium-uiautomator2-server-v4.27.0.apk' is signed with the default certificate
[35m[ADB][39m 'C:\Users\095065\AppData\Roaming\npm\node_modules\appium\node_modules\appium-uiautomator2-server\apks\appium-uiautomator2-server-debug-androidTest.apk' is signed with the default certificate
[35m[UiAutomator2][39m Server packages are not going to be (re)installed
[35m[ADB][39m Adding packages ["io.appium.settings","io.appium.uiautomator2.server","io.appium.uiautomator2.server.test"] to Doze whitelist
[35m[UiAutomator2][39m Starting UIAutomator2 server 4.27.0
[35m[UiAutomator2][39m Using UIAutomator2 server from 'C:\Users\095065\AppData\Roaming\npm\node_modules\appium\node_modules\appium-uiautomator2-server\apks\appium-uiautomator2-server-v4.27.0.apk' and test from 'C:\Users\095065\AppData\Roaming\npm\node_modules\appium\node_modules\appium-uiautomator2-server\apks\appium-uiautomator2-server-debug-androidTest.apk'
[35m[UiAutomator2][39m Waiting up to 30000ms for UiAutomator2 to be online...
[35m[WD Proxy][39m socket hang up
[35m[WD Proxy][39m socket hang up
[35m[WD Proxy][39m Determined the downstream protocol as 'W3C'
[35m[AndroidDriver][39m Screen already unlocked, doing nothing
[35m[UiAutomator2][39m Starting 'com.android.settings/.Settings and waiting for 'com.android.settings/.Settings'
[35m[Appium][39m New AndroidUiautomator2Driver session created successfully, session 7409c617-d5eb-455a-a0ec-61dd15fb3578 added to master session list
[35m[HTTP][39m [37m<-- POST /wd/hub/session [39m[32m200[39m [90m12782 ms - 1180[39m
[35m[HTTP][39m [90m[39m
[35m[HTTP][39m [37m-->[39m [37mGET[39m [37m/wd/hub/session/7409c617-d5eb-455a-a0ec-61dd15fb3578[39m
[35m[HTTP][39m [90m{}[39m
[35m[HTTP][39m [37m<-- GET /wd/hub/session/7409c617-d5eb-455a-a0ec-61dd15fb3578 [39m[32m200[39m [90m14 ms - 1134[39m
[35m[HTTP][39m [90m[39m
[35m[HTTP][39m [37m-->[39m [37mGET[39m [37m/wd/hub/session/7409c617-d5eb-455a-a0ec-61dd15fb3578[39m
[35m[HTTP][39m [90m{}[39m
[35m[HTTP][39m [37m<-- GET /wd/hub/session/7409c617-d5eb-455a-a0ec-61dd15fb3578 [39m[32m200[39m [90m18 ms - 1134[39m
[35m[HTTP][39m [90m[39m
[35m[HTTP][39m [37m-->[39m [37mGET[39m [37m/wd/hub/status[39m
[35m[HTTP][39m [90m{}[39m
[35m[HTTP][39m [37m<-- GET /wd/hub/status [39m[32m200[39m [90m1 ms - 68[39m
[35m[HTTP][39m [90m[39m
[35m[HTTP][39m [37m-->[39m [37mPOST[39m [37m/wd/hub/session/7409c617-d5eb-455a-a0ec-61dd15fb3578/timeouts[39m
[35m[HTTP][39m [90m{"implicit":60000}[39m
[35m[HTTP][39m [37m<-- POST /wd/hub/session/7409c617-d5eb-455a-a0ec-61dd15fb3578/timeouts [39m[32m200[39m [90m4 ms - 14[39m
[35m[HTTP][39m [90m[39m
[35m[HTTP][39m [37m-->[39m [37mGET[39m [37m/wd/hub/session/7409c617-d5eb-455a-a0ec-61dd15fb3578/screenshot[39m
[35m[HTTP][39m [90m{}[39m
[35m[WD Proxy][39m Got response with status 500: {"sessionId":"be2641c6-65c9-4f47-bbf6-0cb92f8fc0ec","value":{"error":"unable to capture screen","message":"Failed to capture a screenshot. Does the current view have 'secure' flag set?","stacktrace":"io.appium.uiautomator2.common.exceptions.TakeScreenshotException: Failed to capture a screenshot. Does the current view have 'secure' flag set?\n\tat io.appium.uiautomator2.utils.ScreenshotHelper.takeDeviceScreenshot(ScreenshotHelper.java:129)\n\tat io.appium.uiautomator2.utils.ScreenshotHelper.takeScreenshot(ScreenshotHelper.java:62)\n\tat io.appium.uiautomator2.utils.ScreenshotHelper.takeScreenshot(ScreenshotHelper.java:77)\n\tat io.appium.uiautomator2.handler.CaptureScreenshot.safeHandle(CaptureScreenshot.java:32)\n\tat io.appium.uiautomator2.handler.request.SafeRequestHandler.handle(SafeRequestHandler.java:59)\n\tat io.appium.uiautomator2.server.AppiumServlet.handleRequest(AppiumServlet.java:266)\n\tat io.appium.uiautomator2.server.AppiumServlet.handleHttpRequest(AppiumServlet.java:260)\n\tat io.appium.uia...
[35m[HTTP][39m [37m<-- GET /wd/hub/session/7409c617-d5eb-455a-a0ec-61dd15fb3578/screenshot [39m[31m500[39m [90m175 ms - 4082[39m
[35m[HTTP][39m [90m[39m
[35m[HTTP][39m [37m-->[39m [37mGET[39m [37m/wd/hub/session/7409c617-d5eb-455a-a0ec-61dd15fb3578/appium/device/system_bars[39m
[35m[HTTP][39m [90m{}[39m
[35m[HTTP][39m [37m<-- GET /wd/hub/session/7409c617-d5eb-455a-a0ec-61dd15fb3578/appium/device/system_bars [39m[32m200[39m [90m132 ms - 151[39m
[35m[HTTP][39m [90m[39m
[35m[HTTP][39m [37m-->[39m [37mPOST[39m [37m/wd/hub/session/7409c617-d5eb-455a-a0ec-61dd15fb3578/appium/device/activate_app[39m
[35m[HTTP][39m [90m{"bundleId":"com.solodroid.solomerce"}[39m
[35m[HTTP][39m [37m<-- POST /wd/hub/session/7409c617-d5eb-455a-a0ec-61dd15fb3578/appium/device/activate_app [39m[32m200[39m [90m442 ms - 14[39m
[35m[HTTP][39m [90m[39m
[35m[HTTP][39m [37m-->[39m [37mGET[39m [37m/wd/hub/session/7409c617-d5eb-455a-a0ec-61dd15fb3578/source[39m
[35m[HTTP][39m [90m{}[39m
[35m[W3C (7409c617)][39m Driver proxy active, passing request on via HTTP proxy
[35m[WD Proxy][39m Replacing sessionId be2641c6-65c9-4f47-bbf6-0cb92f8fc0ec with 7409c617-d5eb-455a-a0ec-61dd15fb3578
[35m[HTTP][39m [37m<-- GET /wd/hub/session/7409c617-d5eb-455a-a0ec-61dd15fb3578/source [39m[32m200[39m [90m21 ms - 5019[39m
[35m[HTTP][39m [90m[39m
[35m[HTTP][39m [37m-->[39m [37mGET[39m [37m/wd/hub/session/7409c617-d5eb-455a-a0ec-61dd15fb3578/screenshot[39m
[35m[HTTP][39m [90m{}[39m
[35m[WD Proxy][39m Got response with status 500: {"sessionId":"be2641c6-65c9-4f47-bbf6-0cb92f8fc0ec","value":{"error":"unable to capture screen","message":"Failed to capture a screenshot. Does the current view have 'secure' flag set?","stacktrace":"io.appium.uiautomator2.common.exceptions.TakeScreenshotException: Failed to capture a screenshot. Does the current view have 'secure' flag set?\n\tat io.appium.uiautomator2.utils.ScreenshotHelper.takeDeviceScreenshot(ScreenshotHelper.java:129)\n\tat io.appium.uiautomator2.utils.ScreenshotHelper.takeScreenshot(ScreenshotHelper.java:62)\n\tat io.appium.uiautomator2.utils.ScreenshotHelper.takeScreenshot(ScreenshotHelper.java:77)\n\tat io.appium.uiautomator2.handler.CaptureScreenshot.safeHandle(CaptureScreenshot.java:32)\n\tat io.appium.uiautomator2.handler.request.SafeRequestHandler.handle(SafeRequestHandler.java:59)\n\tat io.appium.uiautomator2.server.AppiumServlet.handleRequest(AppiumServlet.java:266)\n\tat io.appium.uiautomator2.server.AppiumServlet.handleHttpRequest(AppiumServlet.java:260)\n\tat io.appium.uia...
[35m[HTTP][39m [37m<-- GET /wd/hub/session/7409c617-d5eb-455a-a0ec-61dd15fb3578/screenshot [39m[31m500[39m [90m40 ms - 4082[39m
[35m[HTTP][39m [90m[39m
[35m[HTTP][39m [37m-->[39m [37mGET[39m [37m/wd/hub/session/7409c617-d5eb-455a-a0ec-61dd15fb3578/source[39m
[35m[HTTP][39m [90m{}[39m
[35m[W3C (7409c617)][39m Driver proxy active, passing request on via HTTP proxy
[35m[WD Proxy][39m Replacing sessionId be2641c6-65c9-4f47-bbf6-0cb92f8fc0ec with 7409c617-d5eb-455a-a0ec-61dd15fb3578
[35m[HTTP][39m [37m<-- GET /wd/hub/session/7409c617-d5eb-455a-a0ec-61dd15fb3578/source [39m[32m200[39m [90m84 ms - 34124[39m
[35m[HTTP][39m [90m[39m
[35m[HTTP][39m [37m-->[39m [37mGET[39m [37m/wd/hub/session/7409c617-d5eb-455a-a0ec-61dd15fb3578/screenshot[39m
[35m[HTTP][39m [90m{}[39m
[35m[HTTP][39m [37m<-- GET /wd/hub/session/7409c617-d5eb-455a-a0ec-61dd15fb3578/screenshot [39m[32m200[39m [90m1261 ms - 2945978[39m
[35m[HTTP][39m [90m[39m
[35m[HTTP][39m [37m-->[39m [37mGET[39m [37m/wd/hub/session/7409c617-d5eb-455a-a0ec-61dd15fb3578/source[39m
[35m[HTTP][39m [90m{}[39m
[35m[W3C (7409c617)][39m Driver proxy active, passing request on via HTTP proxy
[35m[WD Proxy][39m Replacing sessionId be2641c6-65c9-4f47-bbf6-0cb92f8fc0ec with 7409c617-d5eb-455a-a0ec-61dd15fb3578
[35m[HTTP][39m [37m<-- GET /wd/hub/session/7409c617-d5eb-455a-a0ec-61dd15fb3578/source [39m[32m200[39m [90m496 ms - 15637[39m
[35m[HTTP][39m [90m[39m
[35m[HTTP][39m [37m-->[39m [37mGET[39m [37m/wd/hub/session/7409c617-d5eb-455a-a0ec-61dd15fb3578/screenshot[39m
[35m[HTTP][39m [90m{}[39m
[35m[HTTP][39m [37m<-- GET /wd/hub/session/7409c617-d5eb-455a-a0ec-61dd15fb3578/screenshot [39m[32m200[39m [90m415 ms - 191372[39m
[35m[HTTP][39m [90m[39m
[35m[HTTP][39m [37m-->[39m [37mPOST[39m [37m/wd/hub/session/7409c617-d5eb-455a-a0ec-61dd15fb3578/elements[39m
[35m[HTTP][39m [90m{"using":"xpath","value":"//*[@class = 'android.widget.TextView' and (@text = '4.495 USD' or . = '4.495 USD') and @resource-id = 'com.solodroid.solomerce:id/product_price']"}[39m
[35m[HTTP][39m [37m<-- POST /wd/hub/session/7409c617-d5eb-455a-a0ec-61dd15fb3578/elements [39m[32m200[39m [90m122 ms - 139[39m
[35m[HTTP][39m [90m[39m
[35m[HTTP][39m [37m-->[39m [37mPOST[39m [37m/wd/hub/session/7409c617-d5eb-455a-a0ec-61dd15fb3578/elements[39m
[35m[HTTP][39m [90m{"using":"xpath","value":"//*[@class = 'android.widget.TextView' and (@text = 'Total : 4.945 USD' or . = 'Total : 4.945 USD') and @resource-id = 'com.solodroid.solomerce:id/txt_total_price']"}[39m
[35m[HTTP][39m [37m<-- POST /wd/hub/session/7409c617-d5eb-455a-a0ec-61dd15fb3578/elements [39m[32m200[39m [90m56 ms - 139[39m
[35m[HTTP][39m [90m[39m
[35m[HTTP][39m [37m-->[39m [37mPOST[39m [37m/wd/hub/session/7409c617-d5eb-455a-a0ec-61dd15fb3578/elements[39m
[35m[HTTP][39m [90m{"using":"xpath","value":"//*[@class = 'android.widget.TextView' and (@text = 'Tax : 10 %' or . = 'Tax : 10 %') and @resource-id = 'com.solodroid.solomerce:id/txt_tax']"}[39m
[35m[HTTP][39m [37m<-- POST /wd/hub/session/7409c617-d5eb-455a-a0ec-61dd15fb3578/elements [39m[32m200[39m [90m35 ms - 139[39m
[35m[HTTP][39m [90m[39m
[35m[HTTP][39m [37m-->[39m [37mPOST[39m [37m/wd/hub/session/7409c617-d5eb-455a-a0ec-61dd15fb3578/elements[39m
[35m[HTTP][39m [90m{"using":"xpath","value":"//*[@class = 'android.widget.TextView' and @resource-id = 'com.solodroid.solomerce:id/clear' and (@text = '' or . = '')]"}[39m
[35m[HTTP][39m [37m<-- POST /wd/hub/session/7409c617-d5eb-455a-a0ec-61dd15fb3578/elements [39m[32m200[39m [90m32 ms - 139[39m
[35m[HTTP][39m [90m[39m
[35m[HTTP][39m [37m-->[39m [37mGET[39m [37m/wd/hub/session/7409c617-d5eb-455a-a0ec-61dd15fb3578/source[39m
[35m[HTTP][39m [90m{}[39m
[35m[W3C (7409c617)][39m Driver proxy active, passing request on via HTTP proxy
[35m[WD Proxy][39m Replacing sessionId be2641c6-65c9-4f47-bbf6-0cb92f8fc0ec with 7409c617-d5eb-455a-a0ec-61dd15fb3578
[35m[HTTP][39m [37m<-- GET /wd/hub/session/7409c617-d5eb-455a-a0ec-61dd15fb3578/source [39m[32m200[39m [90m17 ms - 7355[39m
[35m[HTTP][39m [90m[39m
[35m[HTTP][39m [37m-->[39m [37mGET[39m [37m/wd/hub/session/7409c617-d5eb-455a-a0ec-61dd15fb3578/screenshot[39m
[35m[HTTP][39m [90m{}[39m
[35m[HTTP][39m [37m<-- GET /wd/hub/session/7409c617-d5eb-455a-a0ec-61dd15fb3578/screenshot [39m[32m200[39m [90m472 ms - 196516[39m
[35m[HTTP][39m [90m[39m
[35m[HTTP][39m [37m-->[39m [37mPOST[39m [37m/wd/hub/session/7409c617-d5eb-455a-a0ec-61dd15fb3578/elements[39m
[35m[HTTP][39m [90m{"using":"xpath","value":"//*[@class = 'android.widget.TextView' and (@text = 'Confirmation' or . = 'Confirmation') and @resource-id = 'android:id/alertTitle']"}[39m
[35m[HTTP][39m [37m<-- POST /wd/hub/session/7409c617-d5eb-455a-a0ec-61dd15fb3578/elements [39m[32m200[39m [90m23 ms - 139[39m
[35m[HTTP][39m [90m[39m
[35m[HTTP][39m [37m-->[39m [37mPOST[39m [37m/wd/hub/session/7409c617-d5eb-455a-a0ec-61dd15fb3578/elements[39m
[35m[HTTP][39m [90m{"using":"xpath","value":"//*[@class = 'android.widget.Button' and (@text = 'NO' or . = 'NO') and @resource-id = 'android:id/button2']"}[39m
[35m[HTTP][39m [37m<-- POST /wd/hub/session/7409c617-d5eb-455a-a0ec-61dd15fb3578/elements [39m[32m200[39m [90m22 ms - 139[39m
[35m[HTTP][39m [90m[39m
[35m[HTTP][39m [37m-->[39m [37mPOST[39m [37m/wd/hub/session/7409c617-d5eb-455a-a0ec-61dd15fb3578/elements[39m
[35m[HTTP][39m [90m{"using":"xpath","value":"//*[@class = 'android.widget.Button' and (@text = 'YES' or . = 'YES') and @resource-id = 'android:id/button1']"}[39m
[35m[HTTP][39m [37m<-- POST /wd/hub/session/7409c617-d5eb-455a-a0ec-61dd15fb3578/elements [39m[32m200[39m [90m28 ms - 139[39m
[35m[HTTP][39m [90m[39m
[35m[HTTP][39m [37m-->[39m [37mPOST[39m [37m/wd/hub/session/7409c617-d5eb-455a-a0ec-61dd15fb3578/elements[39m
[35m[HTTP][39m [90m{"using":"xpath","value":"//*[@class = 'android.widget.FrameLayout' and @resource-id = 'android:id/content' and (@text = '' or . = '')]"}[39m
[35m[HTTP][39m [37m<-- POST /wd/hub/session/7409c617-d5eb-455a-a0ec-61dd15fb3578/elements [39m[32m200[39m [90m36 ms - 139[39m
[35m[HTTP][39m [90m[39m
[35m[HTTP][39m [37m-->[39m [37mGET[39m [37m/wd/hub/session/7409c617-d5eb-455a-a0ec-61dd15fb3578/source[39m
[35m[HTTP][39m [90m{}[39m
[35m[W3C (7409c617)][39m Driver proxy active, passing request on via HTTP proxy
[35m[WD Proxy][39m Replacing sessionId be2641c6-65c9-4f47-bbf6-0cb92f8fc0ec with 7409c617-d5eb-455a-a0ec-61dd15fb3578
[35m[HTTP][39m [37m<-- GET /wd/hub/session/7409c617-d5eb-455a-a0ec-61dd15fb3578/source [39m[32m200[39m [90m31 ms - 15637[39m
[35m[HTTP][39m [90m[39m
[35m[HTTP][39m [37m-->[39m [37mGET[39m [37m/wd/hub/session/7409c617-d5eb-455a-a0ec-61dd15fb3578/screenshot[39m
[35m[HTTP][39m [90m{}[39m
[35m[HTTP][39m [37m<-- GET /wd/hub/session/7409c617-d5eb-455a-a0ec-61dd15fb3578/screenshot [39m[32m200[39m [90m455 ms - 191610[39m
[35m[HTTP][39m [90m[39m
[35m[HTTP][39m [37m-->[39m [37mDELETE[39m [37m/wd/hub/session/7409c617-d5eb-455a-a0ec-61dd15fb3578[39m
[35m[HTTP][39m [90m{}[39m
[35m[Appium][39m Removing session 7409c617-d5eb-455a-a0ec-61dd15fb3578 from our master session list
[35m[HTTP][39m [37m<-- DELETE /wd/hub/session/7409c617-d5eb-455a-a0ec-61dd15fb3578 [39m[32m200[39m [90m501 ms - 14[39m
[35m[HTTP][39m [90m[39m
